<?xml version="1.0" encoding="UTF-8"?>
<testsuite name="SolutionTest" tests="2" skipped="0" failures="0" errors="0" timestamp="2022-07-06T08:41:24" hostname="yuanyu-ubuntu" time="0.044">
  <properties/>
  <testcase name="maxProfitExample1()" classname="SolutionTest" time="0.042"/>
  <testcase name="maxProfitExample2()" classname="SolutionTest" time="0.001"/>
  <system-out><![CDATA[]]></system-out>
  <system-err><![CDATA[]]></system-err>
</testsuite>
